[Message:   BepInEx] BepInEx 5.4.5.0 - valheim
[Info   :   BepInEx] Running under Unity v2019.4.20.7197120
[Info   :   BepInEx] CLR runtime version: 4.0.30319.42000
[Info   :   BepInEx] Supports SRE: True
[Info   :   BepInEx] System platform: Bits64, Windows
[Message:   BepInEx] Preloader started
[Info   :   BepInEx] 1 patcher plugin loaded
[Info   :   BepInEx] Patching [UnityEngine.CoreModule] with [BepInEx.Chainloader]
[Message:   BepInEx] Preloader finished
[Message:   BepInEx] Chainloader ready
[Message:   BepInEx] Chainloader started
[Info   :   BepInEx] 22 plugins to load
[Warning:   BepInEx] Plugin [AddAllFuel 1.2.0] targets a wrong version of BepInEx (5.4.6.0) and might not work until you update
[Warning:   BepInEx] Plugin [CropReplant 0.1.3] targets a wrong version of BepInEx (5.4.6.0) and might not work until you update
[Warning:   BepInEx] Plugin [Faster Teleportation 0.3.1.0] targets a wrong version of BepInEx (5.4.6.0) and might not work until you update
[Warning:   BepInEx] Plugin [FermenterStatus 1.0.0] targets a wrong version of BepInEx (5.4.6.0) and might not work until you update
[Warning:   BepInEx] Plugin [LootMultiplier 1.0.4] targets a wrong version of BepInEx (5.4.6.0) and might not work until you update
[Warning:   BepInEx] Plugin [ModernMP 0.2] targets a wrong version of BepInEx (5.4.6.0) and might not work until you update
[Warning:   BepInEx] Plugin [Movable Chest Inventory 0.1.1] targets a wrong version of BepInEx (5.4.6.0) and might not work until you update
[Warning:   BepInEx] Plugin [Quick Stack 0.3.3] targets a wrong version of BepInEx (5.4.6.0) and might not work until you update
[Warning:   BepInEx] Plugin [RememberIPDamnit 0.2] targets a wrong version of BepInEx (5.4.6.0) and might not work until you update
[Warning:   BepInEx] Plugin [Skillful 0.3] targets a wrong version of BepInEx (5.4.6.0) and might not work until you update
[Info   :   BepInEx] Loading [Craft From Containers 0.7.0]
[Info   :   BepInEx] Loading [Custom Container Sizes 0.3.2]
[Info   :   BepInEx] Loading [Movable Chest Inventory 0.1.1]
[Info   :   BepInEx] Loading [Nexus Update 0.6.0]
[Error  : Unity Log] ArgumentException: Cannot use whitespace characters at start or end of section and key names
Parameter name: key
Stack trace:
BepInEx.Configuration.ConfigDefinition.CheckInvalidConfigChars (System.String val, System.String name) (at <25ebb463020d4302899e657b8b868385>:0)
BepInEx.Configuration.ConfigDefinition..ctor (System.String section, System.String key) (at <25ebb463020d4302899e657b8b868385>:0)
BepInEx.Configuration.ConfigFile.Bind[T] (System.String section, System.String key, T defaultValue, System.String description) (at <25ebb463020d4302899e657b8b868385>:0)
NexusUpdate.BepInExPlugin.Awake () (at <38eccc3cbc6d4c3aa3fb0866d2ebd84a>:0)
UnityEngine.GameObject:AddComponent(Type)
BepInEx.Bootstrap.Chainloader:Start()
UnityEngine.Application:.cctor()

[Info   :   BepInEx] Loading [LootMultiplier 1.0.4]
[Info   :   BepInEx] Loading [FermenterStatus 1.0.0]
[Info   :   BepInEx] Loading [Build Without Workbench Mod 1.0.0.0]
[Info   :   BepInEx] Loading [Hide Crosshair mod 1.0.0.0]
[Info   :   BepInEx] Loading [Meditation mod 1.0.0.0]
[Info   :   BepInEx] Loading [Minimap Control Mod 1.0.0.0]
[Info   :   BepInEx] Loading [No Healthbars Mod 1.0.0.0]
[Info   :   BepInEx] Loading [Faster Teleportation 0.3.1.0]
[Info   :   BepInEx] Loading [Dream's Data Rate Modifier 1.0.0.0]
[Info   :   BepInEx] Loading [CropReplant 0.1.3]
[Info   :   BepInEx] Loading [TripleBronze 0.1]
[Info   :   BepInEx] Loading [Valheim Plus 0.9]
[Info   :Valheim Plus] Trying to load the configuration file
[Info   : Unity Log] Loading config section AdvancedBuildingMode
[Info   : Unity Log]  Section not enabled
[Info   : Unity Log] Loading config section AdvancedEditingMode
[Info   : Unity Log]  Section not enabled
[Info   : Unity Log] Loading config section Beehive
[Info   : Unity Log]  Section not enabled
[Info   : Unity Log] Loading config section Building
[Info   : Unity Log]  Section not enabled
[Info   : Unity Log] Loading config section Items
[Info   : Unity Log]  Section not enabled
[Info   : Unity Log] Loading config section Fermenter
[Info   : Unity Log]  Section not enabled
[Info   : Unity Log] Loading config section Fireplace
[Info   : Unity Log]  Section not enabled
[Info   : Unity Log] Loading config section Food
[Info   : Unity Log]  Section not enabled
[Info   : Unity Log] Loading config section Furnace
[Info   : Unity Log]  Section not enabled
[Info   : Unity Log] Loading config section Hotkeys
[Info   : Unity Log]  Section not enabled
[Info   : Unity Log] Loading config section Kiln
[Info   : Unity Log]  Section not enabled
[Info   : Unity Log] Loading config section Map
[Info   : Unity Log]  Section not enabled
[Info   : Unity Log] Loading config section Player
[Info   : Unity Log]  Section not enabled
[Info   : Unity Log] Loading config section Server
[Info   : Unity Log]  Loading key maxPlayers
[Info   : Unity Log]  Loading key disableServerPassword
[Info   : Unity Log]  Loading key enforceMod
[Info   : Unity Log]  Loading key dataRate
[Info   : Unity Log]  Loading key autoSaveInterval
[Info   : Unity Log] Loading config section Stamina
[Info   : Unity Log]  Section not enabled
[Info   : Unity Log] Loading config section StaminaUsage
[Info   : Unity Log]  Section not enabled
[Info   : Unity Log] Loading config section Workbench
[Info   : Unity Log]  Section not enabled
[Info   : Unity Log] Loading config section Time
[Info   : Unity Log]  Section not enabled
[Info   : Unity Log] Loading config section Ward
[Info   : Unity Log]  Section not enabled
[Info   : Unity Log] Loading config section StructuralIntegrity
[Info   : Unity Log]  Section not enabled
[Info   : Unity Log] Loading config section Hud
[Info   : Unity Log]  Section not enabled
[Info   : Unity Log] Loading config section Experience
[Info   : Unity Log]  Section not enabled
[Info   : Unity Log] Loading config section Camera
[Info   : Unity Log]  Section not enabled
[Info   : Unity Log] Loading config section Game
[Info   : Unity Log]  Section not enabled
[Info   : Unity Log] Loading config section Wagon
[Info   : Unity Log]  Section not enabled
[Info   :Valheim Plus] Configuration file loaded succesfully.
[Info   :Valheim Plus] ValheimPlus [0.9] is up to date.
[Info   :   BepInEx] Loading [Quick Stack 0.3.3]
[Info   :Quick Stack] Initializing Quick Stack.
[Info   :   BepInEx] Loading [InteractWhileBuilding 0.0.2]
[Info   :InteractWhileBuilding] InteractWhileBuilding loaded.
[Info   :InteractWhileBuilding] Modified InPlaceMode
[Info   :   BepInEx] Loading [AddAllFuel 1.2.0]
[Info   :   BepInEx] Loading [ModernMP 0.2]
[Info   :   BepInEx] Loading [RememberIPDamnit 0.2]
[Info   :   BepInEx] Loading [Skillful 0.3]
[Message:   BepInEx] Chainloader startup complete
[Info   : Unity Log] 02/25/2021 19:27:35: Starting to load scene:start

[Info   :Faster Teleportation] Patched Teleport Timer
[Warning: Unity Log] Only custom filters can be played. Please add a custom filter or an audioclip to the audiosource (Amb_MainMenu).
[Info   : Unity Log] 02/25/2021 19:27:55: Initializing world generator seed: ( 0 )   menu:True  worldgen version:1

[Info   : Unity Log] 02/25/2021 19:27:55: Using mountain distance: 1000

[Info   : Unity Log] Version generator started.
[Info   : Unity Log] Version generated with enforced mod : 0.146.8
[Info   : Unity Log] 02/25/2021 19:27:55: Render threading mode:MultiThreaded

[Info   : Unity Log] Version generator started.
[Info   : Unity Log] Version generated with enforced mod : 0.146.8
[Info   : Unity Log] 02/25/2021 19:27:55: Using environment steamid 892970

[Info   : Unity Log] 02/25/2021 19:27:55: Using steam APPID:892970

[Info   : Unity Log] 02/25/2021 19:27:55: Authentication:k_ESteamNetworkingAvailability_Attempting

[Info   : Unity Log] 02/25/2021 19:27:55: Steam initialized, persona:Sijyx

[Warning: Unity Log] 02/25/2021 19:27:55: Missing audio clip in music respawn

[Info   : Unity Log] 02/25/2021 19:27:55: Checking for installed DLCs

[Info   : Unity Log] 02/25/2021 19:27:55: DLC:beta installed:False

[Info   : Unity Log] Version generator started.
[Info   : Unity Log] Version generated with enforced mod : 0.146.8
[Info   : Unity Log] 02/25/2021 19:27:56: Loaded localization English

[Info   : Unity Log] 02/25/2021 19:27:56: Loaded localization English

[Info   : Unity Log] 02/25/2021 19:27:56: ARG 0 S:\Games\SteamLibrary\steamapps\common\Valheim\valheim.exe

[Info   : Unity Log] 02/25/2021 19:27:56: ARG 1 -force-vulkan

[Info   : Unity Log] 02/25/2021 19:27:59: UI Group status changed Menu = True

[Info   : Unity Log] 02/25/2021 19:28:51: show character selection

[Info   : Unity Log] 02/25/2021 19:28:51: OnCharacterStart

[Info   : Unity Log] Version generator started.
[Info   : Unity Log] Version generated with enforced mod : 0.146.8
[Info   : Unity Log] 02/25/2021 19:28:54: Loading player profile arngneir

[Info   : Unity Log] 02/25/2021 19:28:54: Zonesystem Awake 3384

[Info   : Unity Log] 02/25/2021 19:28:54: DungeonDB Awake 3384

[Info   : Unity Log] Patched default sata send rate from 61440 to 3686400
[Info   : Unity Log] 02/25/2021 19:28:54: Steam initialized, persona:Sijyx

[Info   : Unity Log] 02/25/2021 19:28:54: Initializing world generator seed:BkmbKv4QSq ( 1173035016 )   menu:False  worldgen version:1

[Info   : Unity Log] 02/25/2021 19:28:54: Using mountain distance: 1000

[Info   : Unity Log] 02/25/2021 19:28:54: Found 492 mountain points

[Info   : Unity Log] 02/25/2021 19:28:54: Remaining mountains:68

[Info   : Unity Log] 02/25/2021 19:28:54: Calc time 20.0033 ms

[Info   : Unity Log] 02/25/2021 19:28:54: Found 8408 lake points

[Info   : Unity Log] 02/25/2021 19:28:56: Remaining lakes:119

[Info   : Unity Log] 02/25/2021 19:28:56: Calc time 2116.483 ms

[Info   : Unity Log] 02/25/2021 19:28:56: Rivers:159

[Info   : Unity Log] 02/25/2021 19:28:56: River buckets 15543

[Info   : Unity Log] 02/25/2021 19:28:56: River render time 259.0581 ms

[Info   : Unity Log] 02/25/2021 19:28:56: River Calc time 272.0618 ms

[Info   : Unity Log] 02/25/2021 19:28:57: River buckets 24055

[Info   : Unity Log] 02/25/2021 19:28:57: River render time 414.0942 ms

[Info   : Unity Log] 02/25/2021 19:28:57: Placed 1873 streams

[Info   : Unity Log] 02/25/2021 19:28:57: Stream Calc time 981.2227 ms

[Info   : Unity Log] 02/25/2021 19:28:57: Load world DIRTBAG

[Info   : Unity Log] Patched default sata send rate from 61440 to 3686400
[Info   : Unity Log] 02/25/2021 19:28:57: Loading 237137 zdos , my id 2456921808 data version:26

[Info   : Unity Log] 02/25/2021 19:28:58: Loaded 100000 dead zdos

[Info   : Unity Log] 02/25/2021 19:28:58: Removed 0 OLD generated ZDOS

[Info   : Unity Log] 02/25/2021 19:28:58: Loaded 7113 locations

[Info   : Unity Log] 02/25/2021 19:28:58: Audioman already exist, destroying self

[Info   : Unity Log] Version generator started.
[Info   : Unity Log] Version generated with enforced mod : 0.146.8
[Info   : Unity Log] 02/25/2021 19:28:58: Checking for installed DLCs

[Info   : Unity Log] 02/25/2021 19:28:58: DLC:beta installed:False

[Info   : Unity Log] 02/25/2021 19:29:01: Zonesystem Start 3384

[Info   : Unity Log] 02/25/2021 19:29:02: DungeonDB Start 3384

[Info   : Unity Log] 02/25/2021 19:29:02: Starting respawn

[Info   : Unity Log] 02/25/2021 19:29:11: tip:$loadscreen_tip06

[Info   : Unity Log] CustomContainerSizes spawning container piece_chest_wood(Clone), parent _NetSceneRoot
[Info   : Unity Log] CustomContainerSizes setting chest size to 6,3
[Info   : Unity Log] CustomContainerSizes spawning container piece_chest_wood(Clone), parent _NetSceneRoot
[Info   : Unity Log] CustomContainerSizes setting chest size to 6,3
[Info   : Unity Log] CustomContainerSizes spawning container piece_chest_wood(Clone), parent _NetSceneRoot
[Info   : Unity Log] CustomContainerSizes setting chest size to 6,3
[Info   : Unity Log] CustomContainerSizes spawning container piece_chest_wood(Clone), parent _NetSceneRoot
[Info   : Unity Log] CustomContainerSizes setting chest size to 6,3
[Info   : Unity Log] CustomContainerSizes spawning container piece_chest_wood(Clone), parent _NetSceneRoot
[Info   : Unity Log] CustomContainerSizes setting chest size to 6,3
[Info   : Unity Log] CustomContainerSizes spawning container piece_chest_wood(Clone), parent _NetSceneRoot
[Info   : Unity Log] CustomContainerSizes setting chest size to 6,3
[Info   : Unity Log] CustomContainerSizes spawning container piece_chest_wood(Clone), parent _NetSceneRoot
[Info   : Unity Log] CustomContainerSizes setting chest size to 6,3
[Info   : Unity Log] CustomContainerSizes spawning container piece_chest_wood(Clone), parent _NetSceneRoot
[Info   : Unity Log] CustomContainerSizes setting chest size to 6,3
[Info   : Unity Log] CustomContainerSizes spawning container piece_chest_wood(Clone), parent _NetSceneRoot
[Info   : Unity Log] CustomContainerSizes setting chest size to 6,3
[Info   : Unity Log] CustomContainerSizes spawning container piece_chest_wood(Clone), parent _NetSceneRoot
[Info   : Unity Log] CustomContainerSizes setting chest size to 6,3
[Info   : Unity Log] CustomContainerSizes spawning container piece_chest_wood(Clone), parent _NetSceneRoot
[Info   : Unity Log] CustomContainerSizes setting chest size to 6,3
[Info   : Unity Log] CustomContainerSizes spawning container piece_chest_wood(Clone), parent _NetSceneRoot
[Info   : Unity Log] CustomContainerSizes setting chest size to 6,3
[Info   : Unity Log] CustomContainerSizes spawning container piece_chest_wood(Clone), parent _NetSceneRoot
[Info   : Unity Log] CustomContainerSizes setting chest size to 6,3
[Info   : Unity Log] CustomContainerSizes spawning container piece_chest_wood(Clone), parent _NetSceneRoot
[Info   : Unity Log] CustomContainerSizes setting chest size to 6,3
[Info   : Unity Log] CustomContainerSizes spawning container piece_chest_wood(Clone), parent _NetSceneRoot
[Info   : Unity Log] CustomContainerSizes setting chest size to 6,3
[Info   : Unity Log] CustomContainerSizes spawning container piece_chest_wood(Clone), parent _NetSceneRoot
[Info   : Unity Log] CustomContainerSizes setting chest size to 6,3
[Info   : Unity Log] CustomContainerSizes spawning container piece_chest_wood(Clone), parent _NetSceneRoot
[Info   : Unity Log] CustomContainerSizes setting chest size to 6,3
[Info   : Unity Log] CustomContainerSizes spawning container piece_chest_wood(Clone), parent _NetSceneRoot
[Info   : Unity Log] CustomContainerSizes setting chest size to 6,3
[Info   : Unity Log] CustomContainerSizes spawning container piece_chest_wood(Clone), parent _NetSceneRoot
[Info   : Unity Log] CustomContainerSizes setting chest size to 6,3
[Info   : Unity Log] CustomContainerSizes spawning container piece_chest_wood(Clone), parent _NetSceneRoot
[Info   : Unity Log] CustomContainerSizes setting chest size to 6,3
[Info   : Unity Log] CustomContainerSizes spawning container piece_chest_wood(Clone), parent _NetSceneRoot
[Info   : Unity Log] CustomContainerSizes setting chest size to 6,3
[Info   : Unity Log] CustomContainerSizes spawning container piece_chest_wood(Clone), parent _NetSceneRoot
[Info   : Unity Log] CustomContainerSizes setting chest size to 6,3
[Info   : Unity Log] CustomContainerSizes spawning container piece_chest_wood(Clone), parent _NetSceneRoot
[Info   : Unity Log] CustomContainerSizes setting chest size to 6,3
[Info   : Unity Log] CustomContainerSizes spawning container piece_chest_wood(Clone), parent _NetSceneRoot
[Info   : Unity Log] CustomContainerSizes setting chest size to 6,3
[Info   : Unity Log] CustomContainerSizes spawning container piece_chest_wood(Clone), parent _NetSceneRoot
[Info   : Unity Log] CustomContainerSizes setting chest size to 6,3
[Info   : Unity Log] CustomContainerSizes spawning container piece_chest_wood(Clone), parent _NetSceneRoot
[Info   : Unity Log] CustomContainerSizes setting chest size to 6,3
[Info   : Unity Log] CustomContainerSizes spawning container piece_chest_wood(Clone), parent _NetSceneRoot
[Info   : Unity Log] CustomContainerSizes setting chest size to 6,3
[Info   : Unity Log] CustomContainerSizes spawning container piece_chest_wood(Clone), parent _NetSceneRoot
[Info   : Unity Log] CustomContainerSizes setting chest size to 6,3
[Info   : Unity Log] CustomContainerSizes spawning container piece_chest_wood(Clone), parent _NetSceneRoot
[Info   : Unity Log] CustomContainerSizes setting chest size to 6,3
[Info   : Unity Log] CustomContainerSizes spawning container piece_chest_wood(Clone), parent _NetSceneRoot
[Info   : Unity Log] CustomContainerSizes setting chest size to 6,3
[Info   : Unity Log] CustomContainerSizes spawning container piece_chest_wood(Clone), parent _NetSceneRoot
[Info   : Unity Log] CustomContainerSizes setting chest size to 6,3
[Info   : Unity Log] CustomContainerSizes spawning container piece_chest_wood(Clone), parent _NetSceneRoot
[Info   : Unity Log] CustomContainerSizes setting chest size to 6,3
[Info   : Unity Log] CustomContainerSizes spawning container piece_chest_wood(Clone), parent _NetSceneRoot
[Info   : Unity Log] CustomContainerSizes setting chest size to 6,3
[Info   : Unity Log] CustomContainerSizes spawning container piece_chest(Clone), parent _NetSceneRoot
[Info   : Unity Log] CustomContainerSizes setting reinforced chest size to 8,5
[Info   : Unity Log] 02/25/2021 19:29:13: Force generaeting hmap (256.0, 0.0, 320.0)

[Info   : Unity Log] CustomContainerSizes spawning container Container, parent Cart(Clone)
[Info   : Unity Log] CustomContainerSizes setting wagon size to 6,3
[Info   : Unity Log] 02/25/2021 19:29:15: Force generaeting hmap (192.0, 0.0, 448.0)

[Info   : Unity Log] 02/25/2021 19:29:15: Force generaeting hmap (256.0, 0.0, 448.0)

[Info   : Unity Log] CustomContainerSizes spawning container piece_chest, parent Karve(Clone)
[Info   : Unity Log] CustomContainerSizes container is on a ship: Karve(Clone)
[Info   : Unity Log] CustomContainerSizes setting Karve chest size to 3,3
[Info   : Unity Log] 02/25/2021 19:29:20: Spawned after 8.019994

[Info   : Unity Log] 02/25/2021 19:29:20: Minimap: Adding unique location (121.1, 78.5, -196.6)

[Info   : Unity Log] 02/25/2021 19:29:22: Resumed music meadows at 0

[Info   : Unity Log] 02/25/2021 19:29:26: Setting selected recipe 0

[Info   : Unity Log] 02/25/2021 19:29:26: UI Group status changed root = True

[Info   : Unity Log] 02/25/2021 19:29:26: UI Group status changed Player = True

[Info   : Unity Log] 02/25/2021 19:29:32: Stoped music meadows at 477935

[Info   : Unity Log] 02/25/2021 19:29:32: Resumed music home at 0

[Info   : Unity Log] 02/25/2021 19:29:34: Player 2456921808 wants to open piece_chest_wood(Clone)   im: 2456921808

[Info   : Unity Log] 02/25/2021 19:29:34: Setting selected recipe 0

[Info   : Unity Log] 02/25/2021 19:29:34: UI Group status changed root = True

[Info   : Unity Log] 02/25/2021 19:29:34: UI Group status changed Player = True

[Info   : Unity Log] 02/25/2021 19:29:36: Player 2456921808 wants to quickstack to piece_chest_wood(Clone)   im: 2456921808

[Info   : Unity Log] 02/25/2021 19:29:36: Player 2456921808 wants to quickstack to piece_chest_wood(Clone)   im: 2456921808

[Info   : Unity Log] 02/25/2021 19:29:36: Player 2456921808 wants to quickstack to piece_chest_wood(Clone)   im: 2456921808

[Info   : Unity Log] 02/25/2021 19:29:36: Player 2456921808 wants to quickstack to piece_chest_wood(Clone)   im: 2456921808

[Info   : Unity Log] 02/25/2021 19:29:36: Player 2456921808 wants to quickstack to piece_chest_wood(Clone)   im: 2456921808

[Info   : Unity Log] 02/25/2021 19:29:36: Player 2456921808 wants to quickstack to piece_chest_wood(Clone)   im: 2456921808

[Info   : Unity Log] 02/25/2021 19:29:36: Player 2456921808 wants to quickstack to piece_chest_wood(Clone)   im: 2456921808

[Info   : Unity Log] 02/25/2021 19:29:36: Player 2456921808 wants to quickstack to piece_chest_wood(Clone)   im: 2456921808

[Info   : Unity Log] 02/25/2021 19:29:36: Player 2456921808 wants to quickstack to piece_chest_wood(Clone)   im: 2456921808

[Info   : Unity Log] 02/25/2021 19:29:36: Player 2456921808 wants to quickstack to piece_chest_wood(Clone)   im: 2456921808

[Info   : Unity Log] 02/25/2021 19:29:36: Player 2456921808 wants to quickstack to piece_chest_wood(Clone)   im: 2456921808

[Info   : Unity Log] 02/25/2021 19:29:36: Player 2456921808 wants to quickstack to piece_chest_wood(Clone)   im: 2456921808

[Info   : Unity Log] 02/25/2021 19:29:36: Player 2456921808 wants to quickstack to piece_chest_wood(Clone)   im: 2456921808

[Info   : Unity Log] 02/25/2021 19:29:36: Player 2456921808 wants to quickstack to piece_chest_wood(Clone)   im: 2456921808

[Info   : Unity Log] 02/25/2021 19:29:36: Player 2456921808 wants to quickstack to piece_chest_wood(Clone)   im: 2456921808

[Info   : Unity Log] 02/25/2021 19:29:36: Player 2456921808 wants to quickstack to piece_chest_wood(Clone)   im: 2456921808

[Info   : Unity Log] 02/25/2021 19:29:36: Player 2456921808 wants to quickstack to piece_chest_wood(Clone)   im: 2456921808

[Info   : Unity Log] 02/25/2021 19:29:36: Player 2456921808 wants to quickstack to piece_chest_wood(Clone)   im: 2456921808

[Info   : Unity Log] 02/25/2021 19:29:36: Player 2456921808 wants to quickstack to piece_chest_wood(Clone)   im: 2456921808

[Info   : Unity Log] 02/25/2021 19:29:36: Player 2456921808 wants to quickstack to piece_chest_wood(Clone)   im: 2456921808

[Info   : Unity Log] 02/25/2021 19:29:36: Player 2456921808 wants to quickstack to piece_chest_wood(Clone)   im: 2456921808

[Info   : Unity Log] 02/25/2021 19:29:36: Player 2456921808 wants to quickstack to piece_chest_wood(Clone)   im: 2456921808

[Info   : Unity Log] 02/25/2021 19:29:36: Player 2456921808 wants to quickstack to piece_chest_wood(Clone)   im: 2456921808

[Info   : Unity Log] 02/25/2021 19:29:36: Player 2456921808 wants to quickstack to piece_chest_wood(Clone)   im: 2456921808

[Info   : Unity Log] 02/25/2021 19:29:36: Player 2456921808 wants to quickstack to piece_chest_wood(Clone)   im: 2456921808

[Info   : Unity Log] 02/25/2021 19:29:36: Player 2456921808 wants to quickstack to piece_chest_wood(Clone)   im: 2456921808

[Info   : Unity Log] 02/25/2021 19:29:36: Player 2456921808 wants to quickstack to piece_chest_wood(Clone)   im: 2456921808

[Info   : Unity Log] 02/25/2021 19:29:36: Player 2456921808 wants to quickstack to piece_chest_wood(Clone)   im: 2456921808

[Info   : Unity Log] 02/25/2021 19:29:36: Player 2456921808 wants to quickstack to piece_chest_wood(Clone)   im: 2456921808

[Info   : Unity Log] 02/25/2021 19:29:36: Player 2456921808 wants to quickstack to piece_chest(Clone)   im: 2456921808

[Info   : Unity Log] 02/25/2021 19:29:39: Setting selected recipe 0

[Info   : Unity Log] 02/25/2021 19:29:39: UI Group status changed root = True

[Info   : Unity Log] 02/25/2021 19:29:39: UI Group status changed Player = True

[Info   : Unity Log] 02/25/2021 19:29:42: Setting selected recipe 0

[Info   : Unity Log] 02/25/2021 19:29:42: UI Group status changed root = True

[Info   : Unity Log] 02/25/2021 19:29:42: UI Group status changed Player = True

[Info   : Unity Log] 02/25/2021 19:29:44: Player 2456921808 wants to open piece_chest_wood(Clone)   im: 2456921808

[Info   : Unity Log] 02/25/2021 19:29:44: Setting selected recipe 0

[Info   : Unity Log] 02/25/2021 19:29:44: UI Group status changed root = True

[Info   : Unity Log] 02/25/2021 19:29:44: UI Group status changed Player = True

[Info   : Unity Log] 02/25/2021 19:29:50: Player 2456921808 wants to open piece_chest_wood(Clone)   im: 2456921808

[Info   : Unity Log] 02/25/2021 19:29:50: Setting selected recipe 0

[Info   : Unity Log] 02/25/2021 19:29:50: UI Group status changed root = True

[Info   : Unity Log] 02/25/2021 19:29:50: UI Group status changed Player = True

[Info   : Unity Log] 02/25/2021 19:29:52: Player 2456921808 wants to open piece_chest_wood(Clone)   im: 2456921808

[Info   : Unity Log] 02/25/2021 19:29:52: Setting selected recipe 0

[Info   : Unity Log] 02/25/2021 19:29:52: UI Group status changed root = True

[Info   : Unity Log] 02/25/2021 19:29:52: UI Group status changed Player = True

[Info   : Unity Log] 02/25/2021 19:29:59: Player 2456921808 wants to open piece_chest_wood(Clone)   im: 2456921808

[Info   : Unity Log] 02/25/2021 19:29:59: Setting selected recipe 0

[Info   : Unity Log] 02/25/2021 19:29:59: UI Group status changed root = True

[Info   : Unity Log] 02/25/2021 19:29:59: UI Group status changed Player = True

[Info   : Unity Log] 02/25/2021 19:30:02: Player 2456921808 wants to open piece_chest_wood(Clone)   im: 2456921808

[Info   : Unity Log] 02/25/2021 19:30:02: Setting selected recipe 0

[Info   : Unity Log] 02/25/2021 19:30:02: UI Group status changed root = True

[Info   : Unity Log] 02/25/2021 19:30:02: UI Group status changed Player = True

[Info   : Unity Log] 02/25/2021 19:30:03: Player 2456921808 wants to open piece_chest_wood(Clone)   im: 2456921808

[Info   : Unity Log] 02/25/2021 19:30:03: Setting selected recipe 0

[Info   : Unity Log] 02/25/2021 19:30:03: UI Group status changed root = True

[Info   : Unity Log] 02/25/2021 19:30:03: UI Group status changed Player = True

[Info   : Unity Log] 02/25/2021 19:30:05: Player 2456921808 wants to open piece_chest_wood(Clone)   im: 2456921808

[Info   : Unity Log] 02/25/2021 19:30:05: Setting selected recipe 0

[Info   : Unity Log] 02/25/2021 19:30:05: UI Group status changed root = True

[Info   : Unity Log] 02/25/2021 19:30:05: UI Group status changed Player = True

[Info   : Unity Log] 02/25/2021 19:30:10: UI Group status changed MenuRoot = False

[Info   : Unity Log] 02/25/2021 19:30:11: Game - OnApplicationQuit

[Info   : Unity Log] 02/25/2021 19:30:11: ZNet Shutdown

[Info   : Unity Log] 02/25/2021 19:30:12: clone 300

[Info   : Unity Log] Patched default sata send rate from 61440 to 3686400
[Info   : Unity Log] 02/25/2021 19:30:13: Sending disconnect msg

[Info   : Unity Log] 02/25/2021 19:30:15: Steam manager on destroy

[Warning: Unity Log] 02/25/2021 19:30:15: Local player destroyed

[Info   : Unity Log] 02/25/2021 19:30:15: ZNet OnDestroy

[Info   : Unity Log] 02/25/2021 19:30:15: Net scene destroyed

[Info   : Unity Log] MovableChestInventory Destroying plugin
[Warning:  HarmonyX] UnpatchAll has been called with harmonyID=null - This will remove ALL HARMONY PATCHES. If you want to only unpatch patches created by this instance (com.github.johndowson.fermenterstatus), use UnpatchSelf() instead.
